app/build/outputs/logs/manifest-merger-debug-report.txt
-- Merging decision tree log ---
manifest
ADDED from src/main/AndroidManifest.xml:2:1-48:12
	package
		ADDED from src/main/AndroidManifest.xml:3:5-40
		INJECTED from src/main/AndroidManifest.xml
		INJECTED from src/main/AndroidManifest.xml
	android:versionName
		ADDED from src/main/AndroidManifest.xml:5:5-30
		INJECTED from src/main/AndroidManifest.xml
		INJECTED from src/main/AndroidManifest.xml
	android:versionCode
		ADDED from src/main/AndroidManifest.xml:4:5-28
		INJECTED from src/main/AndroidManifest.xml
		INJECTED from src/main/AndroidManifest.xml
	xmlns:android
		ADDED from src/main/AndroidManifest.xml:2:11-69
uses-sdk
ADDED from src/main/AndroidManifest.xml:7:5-9:41
	android:targetSdkVersion
		ADDED from src/main/AndroidManifest.xml:9:9-38
		INJECTED from src/main/AndroidManifest.xml
		INJECTED from src/main/AndroidManifest.xml
	android:minSdkVersion
		ADDED from src/main/AndroidManifest.xml:8:9-35
		INJECTED from src/main/AndroidManifest.xml
		INJECTED from src/main/AndroidManifest.xml
application
ADDED from src/main/AndroidManifest.xml:11:5-46:19
	android:label
		ADDED from src/main/AndroidManifest.xml:14:9-41
	android:debuggable
		ADDED from src/main/AndroidManifest.xml:15:41-67
	android:allowBackup
		ADDED from src/main/AndroidManifest.xml:12:9-35
	android:icon
		ADDED from src/main/AndroidManifest.xml:13:9-42
	android:theme
		ADDED from src/main/AndroidManifest.xml:15:9-40
activity#com.ebakyt.androidsensors.MainActivity
ADDED from src/main/AndroidManifest.xml:16:9-24:20
	android:label
		ADDED from src/main/AndroidManifest.xml:18:13-45
	android:name
		ADDED from src/main/AndroidManifest.xml:17:13-66
intent-filter#android.intent.action.MAIN+android.intent.category.LAUNCHER
ADDED from src/main/AndroidManifest.xml:19:13-23:29
action#android.intent.action.MAIN
ADDED from src/main/AndroidManifest.xml:20:17-69
	android:name
		ADDED from src/main/AndroidManifest.xml:20:25-66
category#android.intent.category.LAUNCHER
ADDED from src/main/AndroidManifest.xml:22:17-77
	android:name
		ADDED from src/main/AndroidManifest.xml:22:27-74
activity#com.ebakyt.androidsensors.accelerometer.AcceleroMain
ADDED from src/main/AndroidManifest.xml:26:9-98
	android:name
		ADDED from src/main/AndroidManifest.xml:26:19-86
activity#com.ebakyt.androidsensors.accelerometer.AcceleroGraph
ADDED from src/main/AndroidManifest.xml:27:9-99
	android:name
		ADDED from src/main/AndroidManifest.xml:27:19-87
activity#com.ebakyt.androidsensors.gyroscope.GyroMain
ADDED from src/main/AndroidManifest.xml:29:9-90
	android:name
		ADDED from src/main/AndroidManifest.xml:29:19-78
activity#com.ebakyt.androidsensors.gyroscope.GyroGraph
ADDED from src/main/AndroidManifest.xml:30:9-91
	android:name
		ADDED from src/main/AndroidManifest.xml:30:19-79
activity#com.ebakyt.androidsensors.light.LightMain
ADDED from src/main/AndroidManifest.xml:32:9-87
	android:name
		ADDED from src/main/AndroidManifest.xml:32:19-75
activity#com.ebakyt.androidsensors.light.LightGraph
ADDED from src/main/AndroidManifest.xml:33:9-88
	android:name
		ADDED from src/main/AndroidManifest.xml:33:19-76
activity#com.ebakyt.androidsensors.acceleration.LinAcceleroMain
ADDED from src/main/AndroidManifest.xml:35:9-100
	android:name
		ADDED from src/main/AndroidManifest.xml:35:19-88
activity#com.ebakyt.androidsensors.acceleration.LinAcceleroGraph
ADDED from src/main/AndroidManifest.xml:36:9-101
	android:name
		ADDED from src/main/AndroidManifest.xml:36:19-89
activity#com.ebakyt.androidsensors.magnetometer.MagnetoMain
ADDED from src/main/AndroidManifest.xml:38:9-96
	android:name
		ADDED from src/main/AndroidManifest.xml:38:19-84
activity#com.ebakyt.androidsensors.magnetometer.MagnetoGraph
ADDED from src/main/AndroidManifest.xml:39:9-97
	android:name
		ADDED from src/main/AndroidManifest.xml:39:19-85
activity#com.ebakyt.androidsensors.proximity.ProximityMain
ADDED from src/main/AndroidManifest.xml:42:9-95
	android:name
		ADDED from src/main/AndroidManifest.xml:42:19-83
activity#com.ebakyt.androidsensors.proximity.ProximityGraph
ADDED from src/main/AndroidManifest.xml:43:9-96
	android:name
		ADDED from src/main/AndroidManifest.xml:43:19-84